C51 COMPILER V9.00   BSP                                                                   02/22/2019 13:55:16 PAGE 1   


C51 COMPILER V9.00, COMPILATION OF MODULE BSP
OBJECT MODULE PLACED IN bsp.obj
COMPILER INVOKED BY: D:\Keil4\C51\BIN\C51.EXE bsp\bsp.c LARGE BROWSE INCDIR(.\bsp;.\app\inc;.\bsp\inc) DEBUG OBJECTEXTEN
                    -D PRINT(.\bsp.lst) OBJECT(bsp.obj)

line level    source

   1          #include "bsp.h"
   2          
   3          void bsp_init(void)//所有外设的初始化函数
   4          {
   5   1          delay_ms(100);
   6   1              
   7   1              //定时器初始化          
   8   1              bsp_InitTimer0();  //记录时间 用于记录 红外信号的一位持续的时间
   9   1              bsp_InitSerial();//串口时钟初始化
  10   1              bsp_initInt0();   //红外信号进来的中断
  11   1              bsp_LCDInit();
  12   1      }


MODULE INFORMATION:   STATIC OVERLAYABLE
   CODE SIZE        =     17    ----
   CONSTANT SIZE    =   ----    ----
   XDATA SIZE       =   ----    ----
   PDATA SIZE       =   ----    ----
   DATA SIZE        =   ----    ----
   IDATA SIZE       =   ----    ----
   BIT SIZE         =   ----    ----
END OF MODULE INFORMATION.


C51 COMPILATION COMPLETE.  0 WARNING(S),  0 ERROR(S)
