C51 COMPILER V9.00   BSP_TIMER                                                             01/31/2019 15:44:39 PAGE 1   


C51 COMPILER V9.00, COMPILATION OF MODULE BSP_TIMER
OBJECT MODULE PLACED IN bsp_timer.obj
COMPILER INVOKED BY: D:\Keil4\C51\BIN\C51.EXE bsp\src\bsp_timer.c LARGE BROWSE INCDIR(.\bsp;.\app\inc;.\bsp\inc) DEBUG O
                    -BJECTEXTEND PRINT(.\bsp_timer.lst) OBJECT(bsp_timer.obj)

line level    source

   1          #include "bsp.h"                                                                   
   2          //sbit SPK= P0^7;
   3          //#define FOSC  11059200        //11.0592M 12M 自己定义 12000000
   4          //#define TXMS 65536-FOSC/12/1000   //1MS 定时器 初始值
   5          //unsigned int  count=0;
   6          //unsigned char hour=10,min=1,sec=1; //定义只能一次 
   7          //unsigned char ahour=10,amin=1,asec=55;
   8          void bsp_InitTimer0(void)
   9          {
  10   1              TMOD |= 0X02; //模式2 自动重装
  11   1              TH0 = 0;
  12   1              TL0 = 0;
  13   1              ET0 =1;
  14   1              TR0 =1; 
  15   1      
  16   1      }


MODULE INFORMATION:   STATIC OVERLAYABLE
   CODE SIZE        =     13    ----
   CONSTANT SIZE    =   ----    ----
   XDATA SIZE       =   ----    ----
   PDATA SIZE       =   ----    ----
   DATA SIZE        =   ----    ----
   IDATA SIZE       =   ----    ----
   BIT SIZE         =   ----    ----
END OF MODULE INFORMATION.


C51 COMPILATION COMPLETE.  0 WARNING(S),  0 ERROR(S)
