C51 COMPILER V9.00   BSP_INT                                                               01/16/2019 19:41:38 PAGE 1   


C51 COMPILER V9.00, COMPILATION OF MODULE BSP_INT
OBJECT MODULE PLACED IN bsp_int.obj
COMPILER INVOKED BY: D:\Keil4\C51\BIN\C51.EXE bsp\src\bsp_int.c LARGE BROWSE INCDIR(.\bsp;.\app\inc;.\bsp\inc) DEBUG OBJ
                    -ECTEXTEND PRINT(.\bsp_int.lst) OBJECT(bsp_int.obj)

line level    source

   1          #include "bsp.h"
   2          unsigned char intvalue=0;
   3          void bsp_initInt0(void) //初始化 INT0
   4          {
   5   1        //1. 确定触发电平
   6   1          IT0 = 1; //边沿触发
   7   1        //2. 打开中断开关
   8   1          EX0 = 1; 
   9   1              EA = 1;
  10   1      }


MODULE INFORMATION:   STATIC OVERLAYABLE
   CODE SIZE        =      7    ----
   CONSTANT SIZE    =   ----    ----
   XDATA SIZE       =      1    ----
   PDATA SIZE       =   ----    ----
   DATA SIZE        =   ----    ----
   IDATA SIZE       =   ----    ----
   BIT SIZE         =   ----    ----
END OF MODULE INFORMATION.


C51 COMPILATION COMPLETE.  0 WARNING(S),  0 ERROR(S)
