C51 COMPILER V9.00   BSP_DELAY                                                             02/22/2019 13:55:16 PAGE 1   


C51 COMPILER V9.00, COMPILATION OF MODULE BSP_DELAY
OBJECT MODULE PLACED IN bsp_delay.obj
COMPILER INVOKED BY: D:\Keil4\C51\BIN\C51.EXE bsp\src\bsp_delay.c LARGE BROWSE INCDIR(.\bsp;.\app\inc;.\bsp\inc) DEBUG O
                    -BJECTEXTEND PRINT(.\bsp_delay.lst) OBJECT(bsp_delay.obj)

line level    source

   1          #include "bsp.h"
   2          
   3          
   4          void delay_us(unsigned char t) //2t+5 //t=1 Êµ²â15us
   5          {
   6   1                      while(--t);
   7   1              
   8   1      }
   9          
  10          void delay_ms(unsigned char t) // Ìît£¬¼´tms t=1Êµ²â1.1ms
  11          {
  12   1                      while(t--)
  13   1                      {
  14   2                              delay_us(245);
  15   2                              delay_us(245);
  16   2                      }
  17   1      }
  18          
  19          


MODULE INFORMATION:   STATIC OVERLAYABLE
   CODE SIZE        =     24    ----
   CONSTANT SIZE    =   ----    ----
   XDATA SIZE       =   ----    ----
   PDATA SIZE       =   ----    ----
   DATA SIZE        =   ----    ----
   IDATA SIZE       =   ----    ----
   BIT SIZE         =   ----    ----
END OF MODULE INFORMATION.


C51 COMPILATION COMPLETE.  0 WARNING(S),  0 ERROR(S)
