C51 COMPILER V9.00   MAIN                                                                  01/16/2019 19:41:38 PAGE 1   


C51 COMPILER V9.00, COMPILATION OF MODULE MAIN
OBJECT MODULE PLACED IN main.obj
COMPILER INVOKED BY: D:\Keil4\C51\BIN\C51.EXE app\src\main.c LARGE BROWSE INCDIR(.\bsp;.\app\inc;.\bsp\inc) DEBUG OBJECT
                    -EXTEND PRINT(.\main.lst) OBJECT(main.obj)

line level    source

   1          #include "bsp.h"
   2          
   3          void main()
   4          {
   5   1              bsp_init();//外设初始化函数
   6   1              while(1)                                 
   7   1              {
   8   2                bsp_IrFunc();
   9   2                switch_menu();
  10   2                fresh(); 
  11   2              }
  12   1      }


MODULE INFORMATION:   STATIC OVERLAYABLE
   CODE SIZE        =     14    ----
   CONSTANT SIZE    =   ----    ----
   XDATA SIZE       =   ----    ----
   PDATA SIZE       =   ----    ----
   DATA SIZE        =   ----    ----
   IDATA SIZE       =   ----    ----
   BIT SIZE         =   ----    ----
END OF MODULE INFORMATION.


C51 COMPILATION COMPLETE.  0 WARNING(S),  0 ERROR(S)
